0 info it worked if it ends with ok
1 verbose cli [ '/usr/local/bin/node',
1 verbose cli   '/usr/local/bin/npm',
1 verbose cli   'run-script',
1 verbose cli   'lint' ]
2 info using npm@3.10.9
3 info using node@v6.9.2
4 verbose run-script [ 'prelint', 'lint', 'postlint' ]
5 info lifecycle gurpsy-mc-gurps-face@0.0.0~prelint: gurpsy-mc-gurps-face@0.0.0
6 silly lifecycle gurpsy-mc-gurps-face@0.0.0~prelint: no script for prelint, continuing
7 info lifecycle gurpsy-mc-gurps-face@0.0.0~lint: gurpsy-mc-gurps-face@0.0.0
8 verbose lifecycle gurpsy-mc-gurps-face@0.0.0~lint: unsafe-perm in lifecycle true
9 verbose lifecycle gurpsy-mc-gurps-face@0.0.0~lint: PATH: /usr/local/lib/node_modules/npm/bin/node-gyp-bin:/home/dvberkel/scratch/gurpsdomain/GurpsyMcGurpsFace/node_modules/.bin:/home/dvberkel/.cabal/bin:/home/dvberkel/.local/bin:/home/dvberkel/scratch/go/bin:/usr/local/go/bin:/home/dvberkel/.cargo/bin:/home/dvberkel/bin:/home/dvberkel/.rvm/gems/ruby-2.3.0/bin:/home/dvberkel/.rvm/gems/ruby-2.3.0@global/bin:/home/dvberkel/.rvm/rubies/ruby-2.3.0/bin:/home/dvberkel/.rvm/bin:/home/dvberkel/.cargo/bin:/home/dvberkel/bin:/usr/local/sbin:/usr/local/bin:/usr/sbin:/usr/bin:/sbin:/bin:/usr/games:/usr/local/games:/usr/lib/jvm/java-8-oracle/bin:/usr/lib/jvm/java-8-oracle/db/bin:/usr/lib/jvm/java-8-oracle/jre/bin
10 verbose lifecycle gurpsy-mc-gurps-face@0.0.0~lint: CWD: /home/dvberkel/scratch/gurpsdomain/GurpsyMcGurpsFace
11 silly lifecycle gurpsy-mc-gurps-face@0.0.0~lint: Args: [ '-c', 'tslint "src/**/*.ts"' ]
12 silly lifecycle gurpsy-mc-gurps-face@0.0.0~lint: Returned: code: 2  signal: null
13 info lifecycle gurpsy-mc-gurps-face@0.0.0~lint: Failed to exec lint script
14 verbose stack Error: gurpsy-mc-gurps-face@0.0.0 lint: `tslint "src/**/*.ts"`
14 verbose stack Exit status 2
14 verbose stack     at EventEmitter.<anonymous> (/usr/local/lib/node_modules/npm/lib/utils/lifecycle.js:255:16)
14 verbose stack     at emitTwo (events.js:106:13)
14 verbose stack     at EventEmitter.emit (events.js:191:7)
14 verbose stack     at ChildProcess.<anonymous> (/usr/local/lib/node_modules/npm/lib/utils/spawn.js:40:14)
14 verbose stack     at emitTwo (events.js:106:13)
14 verbose stack     at ChildProcess.emit (events.js:191:7)
14 verbose stack     at maybeClose (internal/child_process.js:877:16)
14 verbose stack     at Process.ChildProcess._handle.onexit (internal/child_process.js:226:5)
15 verbose pkgid gurpsy-mc-gurps-face@0.0.0
16 verbose cwd /home/dvberkel/scratch/gurpsdomain/GurpsyMcGurpsFace
17 error Linux 4.2.0-16-generic
18 error argv "/usr/local/bin/node" "/usr/local/bin/npm" "run-script" "lint"
19 error node v6.9.2
20 error npm  v3.10.9
21 error code ELIFECYCLE
22 error gurpsy-mc-gurps-face@0.0.0 lint: `tslint "src/**/*.ts"`
22 error Exit status 2
23 error Failed at the gurpsy-mc-gurps-face@0.0.0 lint script 'tslint "src/**/*.ts"'.
23 error Make sure you have the latest version of node.js and npm installed.
23 error If you do, this is most likely a problem with the gurpsy-mc-gurps-face package,
23 error not with npm itself.
23 error Tell the author that this fails on your system:
23 error     tslint "src/**/*.ts"
23 error You can get information on how to open an issue for this project with:
23 error     npm bugs gurpsy-mc-gurps-face
23 error Or if that isn't available, you can get their info via:
23 error     npm owner ls gurpsy-mc-gurps-face
23 error There is likely additional logging output above.
24 verbose exit [ 1, true ]
